<?xml version="1.0" encoding="UTF-8"?>
<testng-results ignored="0" total="1" passed="1" failed="0" skipped="0">
  <reporter-output>
  </reporter-output>
  <suite started-at="2026-08-17T18:57:51 IST" name="Default suite" finished-at="2026-08-17T18:58:17 IST" duration-ms="26321">
    <groups>
    </groups>
    <test started-at="2026-08-17T18:57:51 IST" name="Default test" finished-at="2026-08-17T18:58:17 IST" duration-ms="26321">
      <class name="com.DDTTest.DDTTest">
        <test-method is-config="true" signature="setUp()[pri:0, instance:com.DDTTest.DDTTest@4b013c76]" started-at="2026-08-17T18:57:51 IST" name="setUp" finished-at="2026-08-17T18:57:55 IST" duration-ms="3755" status="PASS">
          <reporter-output>
          </reporter-output>
        </test-method> <!-- setUp -->
        <test-method signature="BrowserTest()[pri:0, instance:com.DDTTest.DDTTest@4b013c76]" started-at="2026-08-17T18:57:55 IST" name="BrowserTest" finished-at="2026-08-17T18:58:16 IST" duration-ms="20686" status="PASS">
          <reporter-output>
          </reporter-output>
        </test-method> <!-- BrowserTest -->
        <test-method is-config="true" signature="tearDown()[pri:0, instance:com.DDTTest.DDTTest@4b013c76]" started-at="2026-08-17T18:58:16 IST" name="tearDown" finished-at="2026-08-17T18:58:17 IST" duration-ms="1284" status="PASS">
          <reporter-output>
          </reporter-output>
        </test-method> <!-- tearDown -->
      </class> <!-- com.DDTTest.DDTTest -->
    </test> <!-- Default test -->
  </suite> <!-- Default suite -->
</testng-results>
